This program should be regarded as a DEBUGGING aid, not as a 
certifier of correctness.
Call with the -l flag or read the license file for terms
and conditions of use.
Run this program with "-h" for the list of options.

Bugs, questions, and comments should be directed to
"murphi@verify.stanford.edu".

Murphi compiler last modified date: Jan 29 1999
Include files   last modified date: Jan 29 1999
==========================================================================

==========================================================================
Murphi Release 3.1
Finite-state Concurrent System Verifier.

Copyright (C) 1992 - 1999 by the Board of Trustees of
Leland Stanford Junior University.

==========================================================================

Protocol: msi_opt

Algorithm:
	Verification by breadth first search.
	with symmetry algorithm 3 -- Heuristic Small Memory Normalization
	with permutation trial limit 10.

Memory usage:

	* The size of each state is 1088 bits (rounded up to 136 bytes).
	* The memory allocated for the hash table and state queue is
	  142 Mbytes.
	  With two words of overhead per state, the maximum size of
	  the state space is 1015723 states.
	   * Use option "-k" or "-m" to increase this, if necessary.
	* Capacity in queue for breadth-first search: 101572 states.
	   * Change the constant gPercentActiveStates in mu_prolog.inc
	     to increase this, if necessary.

Warning: No trace will not be printed in the case of protocol errors!
         Check the options if you want to have error traces.

Progress Report:

	1000 states explored in 0.10s, with 2864 rules fired and 444 states in the queue.
	2000 states explored in 0.13s, with 5884 rules fired and 764 states in the queue.
	3000 states explored in 0.15s, with 9060 rules fired and 1094 states in the queue.
	4000 states explored in 0.18s, with 12108 rules fired and 1495 states in the queue.
	5000 states explored in 0.20s, with 15161 rules fired and 1807 states in the queue.
	6000 states explored in 0.22s, with 18161 rules fired and 2187 states in the queue.
	7000 states explored in 0.25s, with 20932 rules fired and 2616 states in the queue.
	8000 states explored in 0.27s, with 24225 rules fired and 2968 states in the queue.
	9000 states explored in 0.30s, with 27671 rules fired and 3263 states in the queue.
	10000 states explored in 0.33s, with 31058 rules fired and 3586 states in the queue.
	11000 states explored in 0.35s, with 34242 rules fired and 3957 states in the queue.
	12000 states explored in 0.38s, with 37704 rules fired and 4227 states in the queue.
	13000 states explored in 0.41s, with 41306 rules fired and 4467 states in the queue.
	14000 states explored in 0.44s, with 44914 rules fired and 4703 states in the queue.
	15000 states explored in 0.46s, with 48334 rules fired and 4965 states in the queue.
	16000 states explored in 0.49s, with 52312 rules fired and 5148 states in the queue.
	17000 states explored in 0.52s, with 55944 rules fired and 5403 states in the queue.
	18000 states explored in 0.55s, with 59219 rules fired and 5643 states in the queue.
	19000 states explored in 0.58s, with 63255 rules fired and 5763 states in the queue.
	20000 states explored in 0.61s, with 66996 rules fired and 5997 states in the queue.
	21000 states explored in 0.64s, with 70588 rules fired and 6229 states in the queue.
	22000 states explored in 0.67s, with 74656 rules fired and 6375 states in the queue.
	23000 states explored in 0.71s, with 79195 rules fired and 6461 states in the queue.
	24000 states explored in 0.73s, with 82791 rules fired and 6657 states in the queue.
	25000 states explored in 0.75s, with 86035 rules fired and 6933 states in the queue.
	26000 states explored in 0.77s, with 89775 rules fired and 7143 states in the queue.
	27000 states explored in 0.79s, with 93816 rules fired and 7315 states in the queue.
	28000 states explored in 0.81s, with 97093 rules fired and 7678 states in the queue.
	29000 states explored in 0.83s, with 100509 rules fired and 7957 states in the queue.
	30000 states explored in 0.86s, with 104723 rules fired and 8021 states in the queue.
	31000 states explored in 0.88s, with 109452 rules fired and 8012 states in the queue.
	32000 states explored in 0.91s, with 113016 rules fired and 8198 states in the queue.
	33000 states explored in 0.92s, with 115932 rules fired and 8525 states in the queue.
	34000 states explored in 0.94s, with 119578 rules fired and 8745 states in the queue.
	35000 states explored in 0.96s, with 122680 rules fired and 9088 states in the queue.
	36000 states explored in 0.99s, with 126556 rules fired and 9276 states in the queue.
	37000 states explored in 1.01s, with 129933 rules fired and 9570 states in the queue.
	38000 states explored in 1.03s, with 133108 rules fired and 9897 states in the queue.
	39000 states explored in 1.05s, with 136771 rules fired and 10075 states in the queue.
	40000 states explored in 1.07s, with 140729 rules fired and 10231 states in the queue.
	41000 states explored in 1.10s, with 145266 rules fired and 10286 states in the queue.
	42000 states explored in 1.12s, with 149175 rules fired and 10437 states in the queue.
	43000 states explored in 1.14s, with 152725 rules fired and 10643 states in the queue.
	44000 states explored in 1.16s, with 155830 rules fired and 10904 states in the queue.
	45000 states explored in 1.18s, with 159495 rules fired and 11091 states in the queue.
	46000 states explored in 1.20s, with 162827 rules fired and 11329 states in the queue.
	47000 states explored in 1.22s, with 166438 rules fired and 11536 states in the queue.
	48000 states explored in 1.25s, with 170168 rules fired and 11745 states in the queue.
	49000 states explored in 1.27s, with 173786 rules fired and 11986 states in the queue.
	50000 states explored in 1.29s, with 177338 rules fired and 12273 states in the queue.
	51000 states explored in 1.31s, with 181280 rules fired and 12284 states in the queue.
	52000 states explored in 1.34s, with 185358 rules fired and 12470 states in the queue.
	53000 states explored in 1.36s, with 189292 rules fired and 12587 states in the queue.
	54000 states explored in 1.39s, with 194088 rules fired and 12601 states in the queue.
	55000 states explored in 1.41s, with 197688 rules fired and 12786 states in the queue.
	56000 states explored in 1.43s, with 201384 rules fired and 12973 states in the queue.
	57000 states explored in 1.45s, with 204302 rules fired and 13272 states in the queue.
	58000 states explored in 1.47s, with 207972 rules fired and 13415 states in the queue.
	59000 states explored in 1.50s, with 211529 rules fired and 13630 states in the queue.
	60000 states explored in 1.52s, with 215194 rules fired and 13816 states in the queue.
	61000 states explored in 1.54s, with 218842 rules fired and 13987 states in the queue.
	62000 states explored in 1.56s, with 222389 rules fired and 14220 states in the queue.
	63000 states explored in 1.58s, with 225921 rules fired and 14452 states in the queue.
	64000 states explored in 1.61s, with 229573 rules fired and 14674 states in the queue.
	65000 states explored in 1.63s, with 233168 rules fired and 14903 states in the queue.
	66000 states explored in 1.65s, with 236754 rules fired and 15030 states in the queue.
	67000 states explored in 1.68s, with 241110 rules fired and 15122 states in the queue.
	68000 states explored in 1.70s, with 244743 rules fired and 15312 states in the queue.
	69000 states explored in 1.73s, with 249740 rules fired and 15229 states in the queue.
	70000 states explored in 1.75s, with 253138 rules fired and 15407 states in the queue.
	71000 states explored in 1.77s, with 256621 rules fired and 15574 states in the queue.
	72000 states explored in 1.79s, with 260075 rules fired and 15789 states in the queue.
	73000 states explored in 1.81s, with 263479 rules fired and 15960 states in the queue.
	74000 states explored in 1.83s, with 266885 rules fired and 16179 states in the queue.
	75000 states explored in 1.85s, with 270397 rules fired and 16385 states in the queue.
	76000 states explored in 1.88s, with 274211 rules fired and 16547 states in the queue.
	77000 states explored in 1.90s, with 278011 rules fired and 16627 states in the queue.
	78000 states explored in 1.92s, with 281577 rules fired and 16814 states in the queue.
	79000 states explored in 1.94s, with 285142 rules fired and 17021 states in the queue.
	80000 states explored in 1.97s, with 288870 rules fired and 17188 states in the queue.
	81000 states explored in 1.99s, with 292435 rules fired and 17311 states in the queue.
	82000 states explored in 2.01s, with 296350 rules fired and 17487 states in the queue.
	83000 states explored in 2.03s, with 300451 rules fired and 17525 states in the queue.
	84000 states explored in 2.06s, with 304255 rules fired and 17618 states in the queue.
	85000 states explored in 2.08s, with 308543 rules fired and 17765 states in the queue.
	86000 states explored in 2.11s, with 312825 rules fired and 17758 states in the queue.
	87000 states explored in 2.13s, with 316830 rules fired and 17881 states in the queue.
	88000 states explored in 2.16s, with 320357 rules fired and 18005 states in the queue.
	89000 states explored in 2.18s, with 324144 rules fired and 18122 states in the queue.
	90000 states explored in 2.20s, with 328340 rules fired and 18152 states in the queue.
	91000 states explored in 2.23s, with 332107 rules fired and 18189 states in the queue.
	92000 states explored in 2.25s, with 336047 rules fired and 18208 states in the queue.
	93000 states explored in 2.27s, with 339893 rules fired and 18354 states in the queue.
	94000 states explored in 2.29s, with 343546 rules fired and 18501 states in the queue.
	95000 states explored in 2.32s, with 347718 rules fired and 18533 states in the queue.
	96000 states explored in 2.34s, with 351659 rules fired and 18588 states in the queue.
	97000 states explored in 2.36s, with 355353 rules fired and 18724 states in the queue.
	98000 states explored in 2.39s, with 359169 rules fired and 18895 states in the queue.
	99000 states explored in 2.41s, with 362930 rules fired and 19052 states in the queue.
	100000 states explored in 2.43s, with 366453 rules fired and 19232 states in the queue.
	101000 states explored in 2.46s, with 370380 rules fired and 19399 states in the queue.
	102000 states explored in 2.48s, with 374128 rules fired and 19570 states in the queue.
	103000 states explored in 2.50s, with 377972 rules fired and 19630 states in the queue.
	104000 states explored in 2.53s, with 381715 rules fired and 19817 states in the queue.
	105000 states explored in 2.55s, with 385964 rules fired and 19891 states in the queue.
	106000 states explored in 2.58s, with 389920 rules fired and 19988 states in the queue.
	107000 states explored in 2.60s, with 393479 rules fired and 20221 states in the queue.
	108000 states explored in 2.62s, with 396939 rules fired and 20380 states in the queue.
	109000 states explored in 2.64s, with 400641 rules fired and 20523 states in the queue.
	110000 states explored in 2.66s, with 403921 rules fired and 20752 states in the queue.
	111000 states explored in 2.69s, with 407959 rules fired and 20801 states in the queue.
	112000 states explored in 2.71s, with 411995 rules fired and 20777 states in the queue.
	113000 states explored in 2.73s, with 415696 rules fired and 20902 states in the queue.
	114000 states explored in 2.76s, with 419719 rules fired and 20987 states in the queue.
	115000 states explored in 2.78s, with 423449 rules fired and 21115 states in the queue.
	116000 states explored in 2.80s, with 427566 rules fired and 21167 states in the queue.
	117000 states explored in 2.83s, with 431122 rules fired and 21333 states in the queue.
	118000 states explored in 2.85s, with 434987 rules fired and 21391 states in the queue.
	119000 states explored in 2.87s, with 438572 rules fired and 21613 states in the queue.
	120000 states explored in 2.90s, with 442542 rules fired and 21799 states in the queue.
	121000 states explored in 2.92s, with 446021 rules fired and 21977 states in the queue.
	122000 states explored in 2.94s, with 449111 rules fired and 22242 states in the queue.
	123000 states explored in 2.96s, with 452819 rules fired and 22446 states in the queue.
	124000 states explored in 2.98s, with 456638 rules fired and 22609 states in the queue.
	125000 states explored in 3.00s, with 459970 rules fired and 22837 states in the queue.
	126000 states explored in 3.02s, with 463804 rules fired and 22926 states in the queue.
	127000 states explored in 3.05s, with 467599 rules fired and 23106 states in the queue.
	128000 states explored in 3.07s, with 471845 rules fired and 23144 states in the queue.
	129000 states explored in 3.10s, with 475844 rules fired and 23219 states in the queue.
	130000 states explored in 3.12s, with 480011 rules fired and 23247 states in the queue.
	131000 states explored in 3.14s, with 483728 rules fired and 23274 states in the queue.
	132000 states explored in 3.16s, with 487173 rules fired and 23440 states in the queue.
	133000 states explored in 3.19s, with 490874 rules fired and 23571 states in the queue.
	134000 states explored in 3.21s, with 494527 rules fired and 23694 states in the queue.
	135000 states explored in 3.23s, with 498082 rules fired and 23817 states in the queue.
	136000 states explored in 3.25s, with 501520 rules fired and 23958 states in the queue.
	137000 states explored in 3.27s, with 505350 rules fired and 23995 states in the queue.
	138000 states explored in 3.30s, with 509775 rules fired and 23949 states in the queue.
	139000 states explored in 3.32s, with 513537 rules fired and 24002 states in the queue.
	140000 states explored in 3.35s, with 517990 rules fired and 23971 states in the queue.
	141000 states explored in 3.37s, with 521718 rules fired and 24050 states in the queue.
	142000 states explored in 3.40s, with 525640 rules fired and 24090 states in the queue.
	143000 states explored in 3.42s, with 529729 rules fired and 24101 states in the queue.
	144000 states explored in 3.45s, with 533443 rules fired and 24307 states in the queue.
	145000 states explored in 3.47s, with 537334 rules fired and 24457 states in the queue.
	146000 states explored in 3.49s, with 541037 rules fired and 24570 states in the queue.
	147000 states explored in 3.51s, with 544058 rules fired and 24838 states in the queue.
	148000 states explored in 3.53s, with 548074 rules fired and 24933 states in the queue.
	149000 states explored in 3.56s, with 552194 rules fired and 24979 states in the queue.
	150000 states explored in 3.58s, with 555822 rules fired and 25111 states in the queue.
	151000 states explored in 3.61s, with 559718 rules fired and 25146 states in the queue.
	152000 states explored in 3.63s, with 563719 rules fired and 25247 states in the queue.
	153000 states explored in 3.65s, with 567897 rules fired and 25354 states in the queue.
	154000 states explored in 3.68s, with 571964 rules fired and 25415 states in the queue.
	155000 states explored in 3.70s, with 575754 rules fired and 25504 states in the queue.
	156000 states explored in 3.73s, with 579963 rules fired and 25526 states in the queue.
	157000 states explored in 3.75s, with 583653 rules fired and 25643 states in the queue.
	158000 states explored in 3.77s, with 587567 rules fired and 25697 states in the queue.
	159000 states explored in 3.80s, with 591557 rules fired and 25761 states in the queue.
	160000 states explored in 3.82s, with 595722 rules fired and 25757 states in the queue.
	161000 states explored in 3.84s, with 598837 rules fired and 26009 states in the queue.
	162000 states explored in 3.86s, with 602384 rules fired and 26138 states in the queue.
	163000 states explored in 3.89s, with 606248 rules fired and 26118 states in the queue.
	164000 states explored in 3.91s, with 610468 rules fired and 26135 states in the queue.
	165000 states explored in 3.94s, with 614179 rules fired and 26211 states in the queue.
	166000 states explored in 3.96s, with 618672 rules fired and 26172 states in the queue.
	167000 states explored in 3.99s, with 622472 rules fired and 26207 states in the queue.
	168000 states explored in 4.01s, with 626051 rules fired and 26327 states in the queue.
	169000 states explored in 4.03s, with 629691 rules fired and 26444 states in the queue.
	170000 states explored in 4.06s, with 633787 rules fired and 26525 states in the queue.
	171000 states explored in 4.08s, with 637772 rules fired and 26640 states in the queue.
	172000 states explored in 4.10s, with 641376 rules fired and 26838 states in the queue.
	173000 states explored in 4.12s, with 644693 rules fired and 27017 states in the queue.
	174000 states explored in 4.14s, with 647692 rules fired and 27326 states in the queue.
	175000 states explored in 4.16s, with 651497 rules fired and 27443 states in the queue.
	176000 states explored in 4.19s, with 656077 rules fired and 27405 states in the queue.
	177000 states explored in 4.21s, with 659554 rules fired and 27598 states in the queue.
	178000 states explored in 4.24s, with 663026 rules fired and 27721 states in the queue.
	179000 states explored in 4.26s, with 667038 rules fired and 27767 states in the queue.
	180000 states explored in 4.28s, with 671215 rules fired and 27813 states in the queue.
	181000 states explored in 4.31s, with 675374 rules fired and 27870 states in the queue.
	182000 states explored in 4.34s, with 679524 rules fired and 27909 states in the queue.
	183000 states explored in 4.37s, with 683561 rules fired and 27924 states in the queue.
	184000 states explored in 4.39s, with 687576 rules fired and 28024 states in the queue.
	185000 states explored in 4.42s, with 691151 rules fired and 28122 states in the queue.
	186000 states explored in 4.44s, with 694783 rules fired and 28252 states in the queue.
	187000 states explored in 4.46s, with 698620 rules fired and 28341 states in the queue.
	188000 states explored in 4.48s, with 702356 rules fired and 28441 states in the queue.
	189000 states explored in 4.51s, with 706194 rules fired and 28555 states in the queue.
	190000 states explored in 4.53s, with 709547 rules fired and 28785 states in the queue.
	191000 states explored in 4.55s, with 713321 rules fired and 28836 states in the queue.
	192000 states explored in 4.57s, with 716969 rules fired and 28930 states in the queue.
	193000 states explored in 4.60s, with 720984 rules fired and 28990 states in the queue.
	194000 states explored in 4.62s, with 724165 rules fired and 29180 states in the queue.
	195000 states explored in 4.64s, with 728314 rules fired and 29233 states in the queue.
	196000 states explored in 4.66s, with 732047 rules fired and 29296 states in the queue.
	197000 states explored in 4.68s, with 735226 rules fired and 29447 states in the queue.
	198000 states explored in 4.71s, with 738668 rules fired and 29609 states in the queue.
	199000 states explored in 4.73s, with 742825 rules fired and 29621 states in the queue.
	200000 states explored in 4.75s, with 746683 rules fired and 29770 states in the queue.
	201000 states explored in 4.78s, with 750551 rules fired and 29911 states in the queue.
	202000 states explored in 4.80s, with 754080 rules fired and 30079 states in the queue.
	203000 states explored in 4.82s, with 757239 rules fired and 30249 states in the queue.
	204000 states explored in 4.84s, with 760690 rules fired and 30446 states in the queue.
	205000 states explored in 4.86s, with 763800 rules fired and 30643 states in the queue.
	206000 states explored in 4.88s, with 767285 rules fired and 30849 states in the queue.
	207000 states explored in 4.91s, with 771694 rules fired and 30821 states in the queue.
	208000 states explored in 4.93s, with 775120 rules fired and 30969 states in the queue.
	209000 states explored in 4.95s, with 778667 rules fired and 31094 states in the queue.
	210000 states explored in 4.98s, with 782932 rules fired and 31076 states in the queue.
	211000 states explored in 5.00s, with 787025 rules fired and 31093 states in the queue.
	212000 states explored in 5.03s, with 791084 rules fired and 31156 states in the queue.
	213000 states explored in 5.05s, with 794986 rules fired and 31190 states in the queue.
	214000 states explored in 5.08s, with 799122 rules fired and 31215 states in the queue.
	215000 states explored in 5.10s, with 803325 rules fired and 31228 states in the queue.
	216000 states explored in 5.12s, with 806923 rules fired and 31317 states in the queue.
	217000 states explored in 5.15s, with 810645 rules fired and 31370 states in the queue.
	218000 states explored in 5.17s, with 814601 rules fired and 31428 states in the queue.
	219000 states explored in 5.19s, with 818698 rules fired and 31405 states in the queue.
	220000 states explored in 5.21s, with 822177 rules fired and 31582 states in the queue.
	221000 states explored in 5.24s, with 826133 rules fired and 31638 states in the queue.
	222000 states explored in 5.26s, with 829928 rules fired and 31750 states in the queue.
	223000 states explored in 5.28s, with 833695 rules fired and 31814 states in the queue.
	224000 states explored in 5.31s, with 837484 rules fired and 31894 states in the queue.
	225000 states explored in 5.34s, with 841751 rules fired and 31821 states in the queue.
	226000 states explored in 5.36s, with 845690 rules fired and 31768 states in the queue.
	227000 states explored in 5.38s, with 849359 rules fired and 31891 states in the queue.
	228000 states explored in 5.41s, with 853159 rules fired and 31932 states in the queue.
	229000 states explored in 5.43s, with 857160 rules fired and 31833 states in the queue.
	230000 states explored in 5.45s, with 860897 rules fired and 31911 states in the queue.
	231000 states explored in 5.48s, with 865172 rules fired and 31858 states in the queue.
	232000 states explored in 5.51s, with 869465 rules fired and 31844 states in the queue.
	233000 states explored in 5.53s, with 873453 rules fired and 31930 states in the queue.
	234000 states explored in 5.56s, with 877390 rules fired and 31966 states in the queue.
	235000 states explored in 5.58s, with 881314 rules fired and 31909 states in the queue.
	236000 states explored in 5.60s, with 885009 rules fired and 32009 states in the queue.
	237000 states explored in 5.63s, with 888871 rules fired and 31980 states in the queue.
	238000 states explored in 5.65s, with 893078 rules fired and 31960 states in the queue.
	239000 states explored in 5.67s, with 896745 rules fired and 32110 states in the queue.
	240000 states explored in 5.70s, with 900612 rules fired and 32105 states in the queue.
	241000 states explored in 5.72s, with 904652 rules fired and 32045 states in the queue.
	242000 states explored in 5.75s, with 908650 rules fired and 32029 states in the queue.
	243000 states explored in 5.78s, with 912791 rules fired and 32001 states in the queue.
	244000 states explored in 5.80s, with 916752 rules fired and 32099 states in the queue.
	245000 states explored in 5.82s, with 920106 rules fired and 32283 states in the queue.
	246000 states explored in 5.84s, with 924208 rules fired and 32347 states in the queue.
	247000 states explored in 5.87s, with 928392 rules fired and 32335 states in the queue.
	248000 states explored in 5.89s, with 931761 rules fired and 32505 states in the queue.
	249000 states explored in 5.91s, with 935603 rules fired and 32517 states in the queue.
	250000 states explored in 5.94s, with 939731 rules fired and 32489 states in the queue.
	251000 states explored in 5.97s, with 943804 rules fired and 32457 states in the queue.
	252000 states explored in 5.99s, with 947496 rules fired and 32529 states in the queue.
	253000 states explored in 6.01s, with 951076 rules fired and 32682 states in the queue.
	254000 states explored in 6.03s, with 955007 rules fired and 32696 states in the queue.
	255000 states explored in 6.06s, with 959029 rules fired and 32630 states in the queue.
	256000 states explored in 6.08s, with 962692 rules fired and 32693 states in the queue.
	257000 states explored in 6.11s, with 966462 rules fired and 32793 states in the queue.
	258000 states explored in 6.13s, with 970597 rules fired and 32803 states in the queue.
	259000 states explored in 6.15s, with 974341 rules fired and 32850 states in the queue.
	260000 states explored in 6.18s, with 977745 rules fired and 33047 states in the queue.
	261000 states explored in 6.20s, with 981346 rules fired and 33150 states in the queue.
	262000 states explored in 6.22s, with 985004 rules fired and 33168 states in the queue.
	263000 states explored in 6.24s, with 988512 rules fired and 33299 states in the queue.
	264000 states explored in 6.27s, with 992872 rules fired and 33189 states in the queue.
	265000 states explored in 6.30s, with 997010 rules fired and 33234 states in the queue.
	266000 states explored in 6.32s, with 1001186 rules fired and 33251 states in the queue.
	267000 states explored in 6.35s, with 1004847 rules fired and 33389 states in the queue.
	268000 states explored in 6.37s, with 1008185 rules fired and 33575 states in the queue.
	269000 states explored in 6.39s, with 1011739 rules fired and 33653 states in the queue.
	270000 states explored in 6.41s, with 1015624 rules fired and 33707 states in the queue.
	271000 states explored in 6.44s, with 1019658 rules fired and 33748 states in the queue.
	272000 states explored in 6.46s, with 1023520 rules fired and 33827 states in the queue.
	273000 states explored in 6.48s, with 1026672 rules fired and 34099 states in the queue.
	274000 states explored in 6.50s, with 1030361 rules fired and 34160 states in the queue.
	275000 states explored in 6.53s, with 1034187 rules fired and 34171 states in the queue.
	276000 states explored in 6.55s, with 1038134 rules fired and 34143 states in the queue.
	277000 states explored in 6.58s, with 1042118 rules fired and 34151 states in the queue.
	278000 states explored in 6.60s, with 1046024 rules fired and 34208 states in the queue.
	279000 states explored in 6.63s, with 1050322 rules fired and 34112 states in the queue.
	280000 states explored in 6.66s, with 1054506 rules fired and 34054 states in the queue.
	281000 states explored in 6.68s, with 1058903 rules fired and 33956 states in the queue.
	282000 states explored in 6.71s, with 1062810 rules fired and 33969 states in the queue.
	283000 states explored in 6.73s, with 1066504 rules fired and 34000 states in the queue.
	284000 states explored in 6.75s, with 1070621 rules fired and 33956 states in the queue.
	285000 states explored in 6.78s, with 1074522 rules fired and 33933 states in the queue.
	286000 states explored in 6.80s, with 1078114 rules fired and 34041 states in the queue.
	287000 states explored in 6.83s, with 1082208 rules fired and 34009 states in the queue.
	288000 states explored in 6.85s, with 1086163 rules fired and 34029 states in the queue.
	289000 states explored in 6.88s, with 1090182 rules fired and 33991 states in the queue.
	290000 states explored in 6.90s, with 1093893 rules fired and 34080 states in the queue.
	291000 states explored in 6.92s, with 1097762 rules fired and 34126 states in the queue.
	292000 states explored in 6.95s, with 1101720 rules fired and 34147 states in the queue.
	293000 states explored in 6.97s, with 1105248 rules fired and 34250 states in the queue.
	294000 states explored in 6.99s, with 1108809 rules fired and 34427 states in the queue.
	295000 states explored in 7.02s, with 1112688 rules fired and 34409 states in the queue.
	296000 states explored in 7.04s, with 1116088 rules fired and 34501 states in the queue.
	297000 states explored in 7.06s, with 1119589 rules fired and 34627 states in the queue.
	298000 states explored in 7.08s, with 1123699 rules fired and 34592 states in the queue.
	299000 states explored in 7.11s, with 1127639 rules fired and 34677 states in the queue.
	300000 states explored in 7.13s, with 1131428 rules fired and 34747 states in the queue.
	301000 states explored in 7.16s, with 1135332 rules fired and 34812 states in the queue.
	302000 states explored in 7.18s, with 1139090 rules fired and 34904 states in the queue.
	303000 states explored in 7.20s, with 1142473 rules fired and 35058 states in the queue.
	304000 states explored in 7.22s, with 1146373 rules fired and 34991 states in the queue.
	305000 states explored in 7.25s, with 1150062 rules fired and 35117 states in the queue.
	306000 states explored in 7.27s, with 1153794 rules fired and 35200 states in the queue.
	307000 states explored in 7.29s, with 1157343 rules fired and 35371 states in the queue.
	308000 states explored in 7.32s, with 1161297 rules fired and 35388 states in the queue.
	309000 states explored in 7.34s, with 1165065 rules fired and 35424 states in the queue.
	310000 states explored in 7.36s, with 1168967 rules fired and 35363 states in the queue.
	311000 states explored in 7.39s, with 1172987 rules fired and 35352 states in the queue.
	312000 states explored in 7.41s, with 1176857 rules fired and 35366 states in the queue.
	313000 states explored in 7.44s, with 1180735 rules fired and 35399 states in the queue.
	314000 states explored in 7.46s, with 1184819 rules fired and 35410 states in the queue.
	315000 states explored in 7.49s, with 1188956 rules fired and 35353 states in the queue.
	316000 states explored in 7.51s, with 1192822 rules fired and 35390 states in the queue.
	317000 states explored in 7.54s, with 1197321 rules fired and 35325 states in the queue.
	318000 states explored in 7.56s, with 1201016 rules fired and 35355 states in the queue.
	319000 states explored in 7.59s, with 1205128 rules fired and 35258 states in the queue.
	320000 states explored in 7.62s, with 1209287 rules fired and 35151 states in the queue.
	321000 states explored in 7.64s, with 1213044 rules fired and 35178 states in the queue.
	322000 states explored in 7.67s, with 1217452 rules fired and 35032 states in the queue.
	323000 states explored in 7.69s, with 1221259 rules fired and 35062 states in the queue.
	324000 states explored in 7.72s, with 1225300 rules fired and 35021 states in the queue.
	325000 states explored in 7.74s, with 1229200 rules fired and 34998 states in the queue.
	326000 states explored in 7.77s, with 1233336 rules fired and 34955 states in the queue.
	327000 states explored in 7.79s, with 1237422 rules fired and 34924 states in the queue.
	328000 states explored in 7.82s, with 1241081 rules fired and 34911 states in the queue.
	329000 states explored in 7.84s, with 1244677 rules fired and 35029 states in the queue.
	330000 states explored in 7.86s, with 1248573 rules fired and 35038 states in the queue.
	331000 states explored in 7.89s, with 1252169 rules fired and 35022 states in the queue.
	332000 states explored in 7.91s, with 1256110 rules fired and 34980 states in the queue.
	333000 states explored in 7.94s, with 1259900 rules fired and 35018 states in the queue.
	334000 states explored in 7.96s, with 1263880 rules fired and 35045 states in the queue.
	335000 states explored in 7.99s, with 1267793 rules fired and 35068 states in the queue.
	336000 states explored in 8.01s, with 1271600 rules fired and 35149 states in the queue.
	337000 states explored in 8.04s, with 1275596 rules fired and 35187 states in the queue.
	338000 states explored in 8.06s, with 1279390 rules fired and 35221 states in the queue.
	339000 states explored in 8.08s, with 1283294 rules fired and 35194 states in the queue.
	340000 states explored in 8.10s, with 1286496 rules fired and 35398 states in the queue.
	341000 states explored in 8.13s, with 1290381 rules fired and 35487 states in the queue.
	342000 states explored in 8.15s, with 1294178 rules fired and 35498 states in the queue.
	343000 states explored in 8.17s, with 1297689 rules fired and 35616 states in the queue.
	344000 states explored in 8.20s, with 1301712 rules fired and 35602 states in the queue.
	345000 states explored in 8.22s, with 1305330 rules fired and 35639 states in the queue.
	346000 states explored in 8.25s, with 1308965 rules fired and 35651 states in the queue.
	347000 states explored in 8.27s, with 1312830 rules fired and 35649 states in the queue.
	348000 states explored in 8.29s, with 1316503 rules fired and 35696 states in the queue.
	349000 states explored in 8.32s, with 1320316 rules fired and 35744 states in the queue.
	350000 states explored in 8.34s, with 1324341 rules fired and 35719 states in the queue.
	351000 states explored in 8.37s, with 1328250 rules fired and 35740 states in the queue.
	352000 states explored in 8.40s, with 1332515 rules fired and 35701 states in the queue.
	353000 states explored in 8.42s, with 1336828 rules fired and 35615 states in the queue.
	354000 states explored in 8.44s, with 1340458 rules fired and 35652 states in the queue.
	355000 states explored in 8.47s, with 1344199 rules fired and 35677 states in the queue.
	356000 states explored in 8.49s, with 1347875 rules fired and 35721 states in the queue.
	357000 states explored in 8.52s, with 1351707 rules fired and 35741 states in the queue.
	358000 states explored in 8.54s, with 1355652 rules fired and 35708 states in the queue.
	359000 states explored in 8.56s, with 1359239 rules fired and 35744 states in the queue.
	360000 states explored in 8.59s, with 1362948 rules fired and 35729 states in the queue.
	361000 states explored in 8.61s, with 1366777 rules fired and 35700 states in the queue.
	362000 states explored in 8.64s, with 1370700 rules fired and 35691 states in the queue.
	363000 states explored in 8.66s, with 1374524 rules fired and 35722 states in the queue.
	364000 states explored in 8.68s, with 1378021 rules fired and 35800 states in the queue.
	365000 states explored in 8.71s, with 1381473 rules fired and 35945 states in the queue.
	366000 states explored in 8.73s, with 1385267 rules fired and 35963 states in the queue.
	367000 states explored in 8.75s, with 1388802 rules fired and 35974 states in the queue.
	368000 states explored in 8.78s, with 1392652 rules fired and 35941 states in the queue.
	369000 states explored in 8.80s, with 1396790 rules fired and 35908 states in the queue.
	370000 states explored in 8.83s, with 1400796 rules fired and 35864 states in the queue.
	371000 states explored in 8.85s, with 1404444 rules fired and 35955 states in the queue.
	372000 states explored in 8.88s, with 1408260 rules fired and 36023 states in the queue.
	373000 states explored in 8.90s, with 1412011 rules fired and 36129 states in the queue.
	374000 states explored in 8.92s, with 1415742 rules fired and 36189 states in the queue.
	375000 states explored in 8.94s, with 1419238 rules fired and 36300 states in the queue.
	376000 states explored in 8.96s, with 1422302 rules fired and 36496 states in the queue.
	377000 states explored in 8.99s, with 1425947 rules fired and 36681 states in the queue.
	378000 states explored in 9.01s, with 1429825 rules fired and 36734 states in the queue.
	379000 states explored in 9.03s, with 1433441 rules fired and 36808 states in the queue.
	380000 states explored in 9.06s, with 1437149 rules fired and 36873 states in the queue.
	381000 states explored in 9.08s, with 1440755 rules fired and 36976 states in the queue.
	382000 states explored in 9.10s, with 1444181 rules fired and 37029 states in the queue.
	383000 states explored in 9.12s, with 1447507 rules fired and 37124 states in the queue.
	384000 states explored in 9.15s, with 1451644 rules fired and 37011 states in the queue.
	385000 states explored in 9.17s, with 1455512 rules fired and 37002 states in the queue.
	386000 states explored in 9.20s, with 1459386 rules fired and 37050 states in the queue.
	387000 states explored in 9.23s, with 1463525 rules fired and 36974 states in the queue.
	388000 states explored in 9.25s, with 1467781 rules fired and 36887 states in the queue.
	389000 states explored in 9.28s, with 1472297 rules fired and 36721 states in the queue.
	390000 states explored in 9.31s, with 1476290 rules fired and 36708 states in the queue.
	391000 states explored in 9.33s, with 1479917 rules fired and 36757 states in the queue.
	392000 states explored in 9.36s, with 1483743 rules fired and 36772 states in the queue.
	393000 states explored in 9.38s, with 1487313 rules fired and 36845 states in the queue.
	394000 states explored in 9.40s, with 1491247 rules fired and 36863 states in the queue.
	395000 states explored in 9.43s, with 1495092 rules fired and 36838 states in the queue.
	396000 states explored in 9.45s, with 1499188 rules fired and 36763 states in the queue.
	397000 states explored in 9.48s, with 1502663 rules fired and 36820 states in the queue.
	398000 states explored in 9.50s, with 1506597 rules fired and 36793 states in the queue.
	399000 states explored in 9.53s, with 1510593 rules fired and 36766 states in the queue.
	400000 states explored in 9.55s, with 1514403 rules fired and 36715 states in the queue.
	401000 states explored in 9.57s, with 1518018 rules fired and 36804 states in the queue.
	402000 states explored in 9.60s, with 1521395 rules fired and 37014 states in the queue.
	403000 states explored in 9.62s, with 1525226 rules fired and 36995 states in the queue.
	404000 states explored in 9.64s, with 1528977 rules fired and 36925 states in the queue.
	405000 states explored in 9.67s, with 1533261 rules fired and 36763 states in the queue.
	406000 states explored in 9.70s, with 1537359 rules fired and 36766 states in the queue.
	407000 states explored in 9.72s, with 1540943 rules fired and 36873 states in the queue.
	408000 states explored in 9.74s, with 1544629 rules fired and 36924 states in the queue.
	409000 states explored in 9.77s, with 1548614 rules fired and 36966 states in the queue.
	410000 states explored in 9.80s, with 1552652 rules fired and 36961 states in the queue.
	411000 states explored in 9.82s, with 1556351 rules fired and 37056 states in the queue.
	412000 states explored in 9.84s, with 1560267 rules fired and 37018 states in the queue.
	413000 states explored in 9.87s, with 1564006 rules fired and 36987 states in the queue.
	414000 states explored in 9.89s, with 1567838 rules fired and 37100 states in the queue.
	415000 states explored in 9.92s, with 1571945 rules fired and 37107 states in the queue.
	416000 states explored in 9.94s, with 1575713 rules fired and 37195 states in the queue.
	417000 states explored in 9.96s, with 1579054 rules fired and 37407 states in the queue.
	418000 states explored in 9.99s, with 1582779 rules fired and 37477 states in the queue.
	419000 states explored in 10.01s, with 1587179 rules fired and 37244 states in the queue.
	420000 states explored in 10.04s, with 1590957 rules fired and 37124 states in the queue.
	421000 states explored in 10.07s, with 1594926 rules fired and 37085 states in the queue.
	422000 states explored in 10.09s, with 1598582 rules fired and 37150 states in the queue.
	423000 states explored in 10.11s, with 1602378 rules fired and 37199 states in the queue.
	424000 states explored in 10.14s, with 1606490 rules fired and 37185 states in the queue.
	425000 states explored in 10.17s, with 1610567 rules fired and 37119 states in the queue.
	426000 states explored in 10.19s, with 1614710 rules fired and 37080 states in the queue.
	427000 states explored in 10.22s, with 1618811 rules fired and 37004 states in the queue.
	428000 states explored in 10.25s, with 1622937 rules fired and 36876 states in the queue.
	429000 states explored in 10.27s, with 1626792 rules fired and 36850 states in the queue.
	430000 states explored in 10.30s, with 1630787 rules fired and 36846 states in the queue.
	431000 states explored in 10.32s, with 1634710 rules fired and 36835 states in the queue.
	432000 states explored in 10.35s, with 1638654 rules fired and 36782 states in the queue.
	433000 states explored in 10.37s, with 1642350 rules fired and 36862 states in the queue.
	434000 states explored in 10.39s, with 1645887 rules fired and 36810 states in the queue.
	435000 states explored in 10.42s, with 1649729 rules fired and 36848 states in the queue.
	436000 states explored in 10.44s, with 1653540 rules fired and 36875 states in the queue.
	437000 states explored in 10.47s, with 1657334 rules fired and 36835 states in the queue.
	438000 states explored in 10.49s, with 1661077 rules fired and 36853 states in the queue.
	439000 states explored in 10.51s, with 1664523 rules fired and 36972 states in the queue.
	440000 states explored in 10.54s, with 1668367 rules fired and 36988 states in the queue.
	441000 states explored in 10.56s, with 1671758 rules fired and 36994 states in the queue.
	442000 states explored in 10.59s, with 1675936 rules fired and 36862 states in the queue.
	443000 states explored in 10.61s, with 1679807 rules fired and 36915 states in the queue.
	444000 states explored in 10.64s, with 1684037 rules fired and 36788 states in the queue.
	445000 states explored in 10.66s, with 1688022 rules fired and 36770 states in the queue.
	446000 states explored in 10.69s, with 1692208 rules fired and 36732 states in the queue.
	447000 states explored in 10.72s, with 1696251 rules fired and 36731 states in the queue.
	448000 states explored in 10.74s, with 1700204 rules fired and 36703 states in the queue.
	449000 states explored in 10.77s, with 1704160 rules fired and 36687 states in the queue.
	450000 states explored in 10.79s, with 1708039 rules fired and 36695 states in the queue.
	451000 states explored in 10.82s, with 1712115 rules fired and 36691 states in the queue.
	452000 states explored in 10.84s, with 1716351 rules fired and 36573 states in the queue.
	453000 states explored in 10.87s, with 1720194 rules fired and 36557 states in the queue.
	454000 states explored in 10.89s, with 1723844 rules fired and 36622 states in the queue.
	455000 states explored in 10.92s, with 1727344 rules fired and 36727 states in the queue.
	456000 states explored in 10.94s, with 1730908 rules fired and 36737 states in the queue.
	457000 states explored in 10.96s, with 1734803 rules fired and 36685 states in the queue.
	458000 states explored in 10.99s, with 1738659 rules fired and 36616 states in the queue.
	459000 states explored in 11.02s, with 1742617 rules fired and 36548 states in the queue.
	460000 states explored in 11.04s, with 1746806 rules fired and 36459 states in the queue.
	461000 states explored in 11.07s, with 1751184 rules fired and 36339 states in the queue.
	462000 states explored in 11.10s, with 1755074 rules fired and 36299 states in the queue.
	463000 states explored in 11.12s, with 1759345 rules fired and 36173 states in the queue.
	464000 states explored in 11.15s, with 1763172 rules fired and 36208 states in the queue.
	465000 states explored in 11.17s, with 1767009 rules fired and 36183 states in the queue.
	466000 states explored in 11.20s, with 1771048 rules fired and 36150 states in the queue.
	467000 states explored in 11.23s, with 1774949 rules fired and 36102 states in the queue.
	468000 states explored in 11.25s, with 1778919 rules fired and 36007 states in the queue.
	469000 states explored in 11.28s, with 1782854 rules fired and 35877 states in the queue.
	470000 states explored in 11.30s, with 1786612 rules fired and 35791 states in the queue.
	471000 states explored in 11.33s, with 1790616 rules fired and 35748 states in the queue.
	472000 states explored in 11.35s, with 1794649 rules fired and 35645 states in the queue.
	473000 states explored in 11.38s, with 1798384 rules fired and 35618 states in the queue.
	474000 states explored in 11.40s, with 1802284 rules fired and 35633 states in the queue.
	475000 states explored in 11.43s, with 1806275 rules fired and 35581 states in the queue.
	476000 states explored in 11.45s, with 1810096 rules fired and 35514 states in the queue.
	477000 states explored in 11.48s, with 1813967 rules fired and 35423 states in the queue.
	478000 states explored in 11.51s, with 1818182 rules fired and 35299 states in the queue.
	479000 states explored in 11.53s, with 1822276 rules fired and 35210 states in the queue.
	480000 states explored in 11.56s, with 1826107 rules fired and 35197 states in the queue.
	481000 states explored in 11.59s, with 1830240 rules fired and 35138 states in the queue.
	482000 states explored in 11.61s, with 1834390 rules fired and 35106 states in the queue.
	483000 states explored in 11.64s, with 1838369 rules fired and 35070 states in the queue.
	484000 states explored in 11.66s, with 1842177 rules fired and 35081 states in the queue.
	485000 states explored in 11.69s, with 1845866 rules fired and 35138 states in the queue.
	486000 states explored in 11.71s, with 1849897 rules fired and 35213 states in the queue.
	487000 states explored in 11.74s, with 1854081 rules fired and 35166 states in the queue.
	488000 states explored in 11.77s, with 1858031 rules fired and 35156 states in the queue.
	489000 states explored in 11.79s, with 1862155 rules fired and 35106 states in the queue.
	490000 states explored in 11.82s, with 1866136 rules fired and 35062 states in the queue.
	491000 states explored in 11.85s, with 1869998 rules fired and 34998 states in the queue.
	492000 states explored in 11.87s, with 1873525 rules fired and 35092 states in the queue.
	493000 states explored in 11.89s, with 1877536 rules fired and 35018 states in the queue.
	494000 states explored in 11.92s, with 1881617 rules fired and 34904 states in the queue.
	495000 states explored in 11.95s, with 1885518 rules fired and 34963 states in the queue.
	496000 states explored in 11.98s, with 1889808 rules fired and 34852 states in the queue.
	497000 states explored in 12.00s, with 1893957 rules fired and 34709 states in the queue.
	498000 states explored in 12.03s, with 1897701 rules fired and 34775 states in the queue.
	499000 states explored in 12.05s, with 1901580 rules fired and 34795 states in the queue.
	500000 states explored in 12.08s, with 1905525 rules fired and 34745 states in the queue.
	501000 states explored in 12.11s, with 1909762 rules fired and 34629 states in the queue.
	502000 states explored in 12.13s, with 1913982 rules fired and 34532 states in the queue.
	503000 states explored in 12.16s, with 1918657 rules fired and 34300 states in the queue.
	504000 states explored in 12.19s, with 1922552 rules fired and 34246 states in the queue.
	505000 states explored in 12.21s, with 1926506 rules fired and 34193 states in the queue.
	506000 states explored in 12.24s, with 1930733 rules fired and 34039 states in the queue.
	507000 states explored in 12.27s, with 1934750 rules fired and 33922 states in the queue.
	508000 states explored in 12.29s, with 1938904 rules fired and 33889 states in the queue.
	509000 states explored in 12.32s, with 1943242 rules fired and 33746 states in the queue.
	510000 states explored in 12.35s, with 1946969 rules fired and 33727 states in the queue.
	511000 states explored in 12.37s, with 1950969 rules fired and 33643 states in the queue.
	512000 states explored in 12.40s, with 1955266 rules fired and 33552 states in the queue.
	513000 states explored in 12.43s, with 1959005 rules fired and 33588 states in the queue.
	514000 states explored in 12.45s, with 1963044 rules fired and 33509 states in the queue.
	515000 states explored in 12.48s, with 1967303 rules fired and 33407 states in the queue.
	516000 states explored in 12.51s, with 1971584 rules fired and 33265 states in the queue.
	517000 states explored in 12.54s, with 1976129 rules fired and 33044 states in the queue.
	518000 states explored in 12.56s, with 1979836 rules fired and 33035 states in the queue.
	519000 states explored in 12.59s, with 1984184 rules fired and 32955 states in the queue.
	520000 states explored in 12.62s, with 1988222 rules fired and 32947 states in the queue.
	521000 states explored in 12.65s, with 1992407 rules fired and 32848 states in the queue.
	522000 states explored in 12.67s, with 1996372 rules fired and 32894 states in the queue.
	523000 states explored in 12.70s, with 2000679 rules fired and 32773 states in the queue.
	524000 states explored in 12.73s, with 2004351 rules fired and 32709 states in the queue.
	525000 states explored in 12.75s, with 2007967 rules fired and 32774 states in the queue.
	526000 states explored in 12.78s, with 2011756 rules fired and 32695 states in the queue.
	527000 states explored in 12.80s, with 2015779 rules fired and 32647 states in the queue.
	528000 states explored in 12.83s, with 2019805 rules fired and 32609 states in the queue.
	529000 states explored in 12.86s, with 2023765 rules fired and 32525 states in the queue.
	530000 states explored in 12.89s, with 2027969 rules fired and 32370 states in the queue.
	531000 states explored in 12.91s, with 2032041 rules fired and 32281 states in the queue.
	532000 states explored in 12.94s, with 2036232 rules fired and 32139 states in the queue.
	533000 states explored in 12.97s, with 2040138 rules fired and 32113 states in the queue.
	534000 states explored in 12.99s, with 2044364 rules fired and 31981 states in the queue.
	535000 states explored in 13.02s, with 2048204 rules fired and 32011 states in the queue.
	536000 states explored in 13.04s, with 2051878 rules fired and 32012 states in the queue.
	537000 states explored in 13.07s, with 2055666 rules fired and 31982 states in the queue.
	538000 states explored in 13.10s, with 2059647 rules fired and 31889 states in the queue.
	539000 states explored in 13.12s, with 2063414 rules fired and 31812 states in the queue.
	540000 states explored in 13.15s, with 2067531 rules fired and 31741 states in the queue.
	541000 states explored in 13.18s, with 2071621 rules fired and 31667 states in the queue.
	542000 states explored in 13.20s, with 2075130 rules fired and 31629 states in the queue.
	543000 states explored in 13.23s, with 2079264 rules fired and 31495 states in the queue.
	544000 states explored in 13.26s, with 2083444 rules fired and 31432 states in the queue.
	545000 states explored in 13.28s, with 2087194 rules fired and 31397 states in the queue.
	546000 states explored in 13.31s, with 2090978 rules fired and 31408 states in the queue.
	547000 states explored in 13.33s, with 2094834 rules fired and 31375 states in the queue.
	548000 states explored in 13.36s, with 2098819 rules fired and 31278 states in the queue.
	549000 states explored in 13.39s, with 2102596 rules fired and 31277 states in the queue.
	550000 states explored in 13.41s, with 2106535 rules fired and 31252 states in the queue.
	551000 states explored in 13.44s, with 2110578 rules fired and 31129 states in the queue.
	552000 states explored in 13.47s, with 2114657 rules fired and 30997 states in the queue.
	553000 states explored in 13.49s, with 2118811 rules fired and 30919 states in the queue.
	554000 states explored in 13.52s, with 2122773 rules fired and 30874 states in the queue.
	555000 states explored in 13.54s, with 2126414 rules fired and 30796 states in the queue.
	556000 states explored in 13.57s, with 2130643 rules fired and 30579 states in the queue.
	557000 states explored in 13.60s, with 2134682 rules fired and 30421 states in the queue.
	558000 states explored in 13.63s, with 2138856 rules fired and 30275 states in the queue.
	559000 states explored in 13.66s, with 2142784 rules fired and 30243 states in the queue.
	560000 states explored in 13.69s, with 2147346 rules fired and 30008 states in the queue.
	561000 states explored in 13.71s, with 2151464 rules fired and 29950 states in the queue.
	562000 states explored in 13.74s, with 2155461 rules fired and 29847 states in the queue.
	563000 states explored in 13.76s, with 2159177 rules fired and 29844 states in the queue.
	564000 states explored in 13.79s, with 2163148 rules fired and 29715 states in the queue.
	565000 states explored in 13.82s, with 2167391 rules fired and 29503 states in the queue.
	566000 states explored in 13.84s, with 2171255 rules fired and 29411 states in the queue.
	567000 states explored in 13.87s, with 2175137 rules fired and 29327 states in the queue.
	568000 states explored in 13.89s, with 2178702 rules fired and 29272 states in the queue.
	569000 states explored in 13.92s, with 2182912 rules fired and 29174 states in the queue.
	570000 states explored in 13.95s, with 2186815 rules fired and 29131 states in the queue.
	571000 states explored in 13.97s, with 2190537 rules fired and 29036 states in the queue.
	572000 states explored in 14.00s, with 2194759 rules fired and 28822 states in the queue.
	573000 states explored in 14.03s, with 2198719 rules fired and 28766 states in the queue.
	574000 states explored in 14.05s, with 2202709 rules fired and 28637 states in the queue.
	575000 states explored in 14.08s, with 2206562 rules fired and 28668 states in the queue.
	576000 states explored in 14.11s, with 2210181 rules fired and 28689 states in the queue.
	577000 states explored in 14.13s, with 2214186 rules fired and 28590 states in the queue.
	578000 states explored in 14.16s, with 2217967 rules fired and 28457 states in the queue.
	579000 states explored in 14.19s, with 2222201 rules fired and 28416 states in the queue.
	580000 states explored in 14.21s, with 2226063 rules fired and 28381 states in the queue.
	581000 states explored in 14.24s, with 2230455 rules fired and 28215 states in the queue.
	582000 states explored in 14.27s, with 2234293 rules fired and 28224 states in the queue.
	583000 states explored in 14.29s, with 2238162 rules fired and 28102 states in the queue.
	584000 states explored in 14.32s, with 2242460 rules fired and 27889 states in the queue.
	585000 states explored in 14.35s, with 2246421 rules fired and 27778 states in the queue.
	586000 states explored in 14.38s, with 2250220 rules fired and 27778 states in the queue.
	587000 states explored in 14.40s, with 2254100 rules fired and 27712 states in the queue.
	588000 states explored in 14.43s, with 2257957 rules fired and 27690 states in the queue.
	589000 states explored in 14.45s, with 2261841 rules fired and 27683 states in the queue.
	590000 states explored in 14.48s, with 2265624 rules fired and 27641 states in the queue.
	591000 states explored in 14.51s, with 2269249 rules fired and 27693 states in the queue.
	592000 states explored in 14.53s, with 2273435 rules fired and 27524 states in the queue.
	593000 states explored in 14.56s, with 2277304 rules fired and 27430 states in the queue.
	594000 states explored in 14.59s, with 2281375 rules fired and 27332 states in the queue.
	595000 states explored in 14.61s, with 2285283 rules fired and 27175 states in the queue.
	596000 states explored in 14.64s, with 2289353 rules fired and 27089 states in the queue.
	597000 states explored in 14.67s, with 2293131 rules fired and 27090 states in the queue.
	598000 states explored in 14.69s, with 2296708 rules fired and 27059 states in the queue.
	599000 states explored in 14.72s, with 2300473 rules fired and 27097 states in the queue.
	600000 states explored in 14.75s, with 2304739 rules fired and 26955 states in the queue.
	601000 states explored in 14.77s, with 2308759 rules fired and 26852 states in the queue.
	602000 states explored in 14.80s, with 2313108 rules fired and 26710 states in the queue.
	603000 states explored in 14.83s, with 2317177 rules fired and 26599 states in the queue.
	604000 states explored in 14.86s, with 2320911 rules fired and 26525 states in the queue.
	605000 states explored in 14.88s, with 2324739 rules fired and 26605 states in the queue.
	606000 states explored in 14.91s, with 2328478 rules fired and 26631 states in the queue.
	607000 states explored in 14.94s, with 2332310 rules fired and 26638 states in the queue.
	608000 states explored in 14.96s, with 2336357 rules fired and 26592 states in the queue.
	609000 states explored in 14.99s, with 2339964 rules fired and 26580 states in the queue.
	610000 states explored in 15.01s, with 2343701 rules fired and 26579 states in the queue.
	611000 states explored in 15.04s, with 2347196 rules fired and 26561 states in the queue.
	612000 states explored in 15.07s, with 2351040 rules fired and 26538 states in the queue.
	613000 states explored in 15.10s, with 2355274 rules fired and 26331 states in the queue.
	614000 states explored in 15.12s, with 2359327 rules fired and 26152 states in the queue.
	615000 states explored in 15.15s, with 2363904 rules fired and 25811 states in the queue.
	616000 states explored in 15.18s, with 2367622 rules fired and 25813 states in the queue.
	617000 states explored in 15.21s, with 2371475 rules fired and 25745 states in the queue.
	618000 states explored in 15.23s, with 2374968 rules fired and 25744 states in the queue.
	619000 states explored in 15.26s, with 2378733 rules fired and 25670 states in the queue.
	620000 states explored in 15.29s, with 2382633 rules fired and 25528 states in the queue.
	621000 states explored in 15.31s, with 2386473 rules fired and 25422 states in the queue.
	622000 states explored in 15.34s, with 2390599 rules fired and 25284 states in the queue.
	623000 states explored in 15.37s, with 2394282 rules fired and 25169 states in the queue.
	624000 states explored in 15.40s, with 2398251 rules fired and 24951 states in the queue.
	625000 states explored in 15.42s, with 2402179 rules fired and 24883 states in the queue.
	626000 states explored in 15.45s, with 2406272 rules fired and 24834 states in the queue.
	627000 states explored in 15.48s, with 2410237 rules fired and 24864 states in the queue.
	628000 states explored in 15.50s, with 2414149 rules fired and 24783 states in the queue.
	629000 states explored in 15.53s, with 2417773 rules fired and 24752 states in the queue.
	630000 states explored in 15.56s, with 2422152 rules fired and 24502 states in the queue.
	631000 states explored in 15.59s, with 2426499 rules fired and 24227 states in the queue.
	632000 states explored in 15.62s, with 2430634 rules fired and 24116 states in the queue.
	633000 states explored in 15.65s, with 2434569 rules fired and 23942 states in the queue.
	634000 states explored in 15.68s, with 2438753 rules fired and 23644 states in the queue.
	635000 states explored in 15.70s, with 2442749 rules fired and 23482 states in the queue.
	636000 states explored in 15.73s, with 2446951 rules fired and 23350 states in the queue.
	637000 states explored in 15.76s, with 2451157 rules fired and 23226 states in the queue.
	638000 states explored in 15.79s, with 2455775 rules fired and 22917 states in the queue.
	639000 states explored in 15.82s, with 2459824 rules fired and 22791 states in the queue.
	640000 states explored in 15.85s, with 2463860 rules fired and 22644 states in the queue.
	641000 states explored in 15.88s, with 2468055 rules fired and 22403 states in the queue.
	642000 states explored in 15.91s, with 2472187 rules fired and 22217 states in the queue.
	643000 states explored in 15.93s, with 2476116 rules fired and 22132 states in the queue.
	644000 states explored in 15.96s, with 2479940 rules fired and 22160 states in the queue.
	645000 states explored in 15.99s, with 2484034 rules fired and 21981 states in the queue.
	646000 states explored in 16.02s, with 2488857 rules fired and 21555 states in the queue.
	647000 states explored in 16.05s, with 2492921 rules fired and 21422 states in the queue.
	648000 states explored in 16.08s, with 2497122 rules fired and 21452 states in the queue.
	649000 states explored in 16.11s, with 2501175 rules fired and 21358 states in the queue.
	650000 states explored in 16.14s, with 2505384 rules fired and 21104 states in the queue.
	651000 states explored in 16.17s, with 2510206 rules fired and 20859 states in the queue.
	652000 states explored in 16.20s, with 2514503 rules fired and 20738 states in the queue.
	653000 states explored in 16.23s, with 2518487 rules fired and 20707 states in the queue.
	654000 states explored in 16.26s, with 2522559 rules fired and 20571 states in the queue.
	655000 states explored in 16.29s, with 2526855 rules fired and 20342 states in the queue.
	656000 states explored in 16.31s, with 2530857 rules fired and 20246 states in the queue.
	657000 states explored in 16.34s, with 2534785 rules fired and 20085 states in the queue.
	658000 states explored in 16.37s, with 2538432 rules fired and 20140 states in the queue.
	659000 states explored in 16.40s, with 2542516 rules fired and 20000 states in the queue.
	660000 states explored in 16.42s, with 2546306 rules fired and 19938 states in the queue.
	661000 states explored in 16.45s, with 2550287 rules fired and 19768 states in the queue.
	662000 states explored in 16.48s, with 2554113 rules fired and 19745 states in the queue.
	663000 states explored in 16.51s, with 2557899 rules fired and 19688 states in the queue.
	664000 states explored in 16.53s, with 2561618 rules fired and 19619 states in the queue.
	665000 states explored in 16.56s, with 2565371 rules fired and 19587 states in the queue.
	666000 states explored in 16.59s, with 2569463 rules fired and 19535 states in the queue.
	667000 states explored in 16.62s, with 2573881 rules fired and 19356 states in the queue.
	668000 states explored in 16.65s, with 2578261 rules fired and 19160 states in the queue.
	669000 states explored in 16.68s, with 2582004 rules fired and 19085 states in the queue.
	670000 states explored in 16.70s, with 2585789 rules fired and 19170 states in the queue.
	671000 states explored in 16.73s, with 2589836 rules fired and 19122 states in the queue.
	672000 states explored in 16.76s, with 2593494 rules fired and 19091 states in the queue.
	673000 states explored in 16.79s, with 2597274 rules fired and 18959 states in the queue.
	674000 states explored in 16.82s, with 2600989 rules fired and 18896 states in the queue.
	675000 states explored in 16.85s, with 2605114 rules fired and 18751 states in the queue.
	676000 states explored in 16.88s, with 2609362 rules fired and 18536 states in the queue.
	677000 states explored in 16.91s, with 2613451 rules fired and 18370 states in the queue.
	678000 states explored in 16.94s, with 2617546 rules fired and 18201 states in the queue.
	679000 states explored in 16.96s, with 2621028 rules fired and 18123 states in the queue.
	680000 states explored in 16.99s, with 2624944 rules fired and 17918 states in the queue.
	681000 states explored in 17.02s, with 2629421 rules fired and 17622 states in the queue.
	682000 states explored in 17.05s, with 2633487 rules fired and 17384 states in the queue.
	683000 states explored in 17.08s, with 2637338 rules fired and 17219 states in the queue.
	684000 states explored in 17.11s, with 2641490 rules fired and 17080 states in the queue.
	685000 states explored in 17.14s, with 2645655 rules fired and 17001 states in the queue.
	686000 states explored in 17.17s, with 2649131 rules fired and 16941 states in the queue.
	687000 states explored in 17.20s, with 2653554 rules fired and 16683 states in the queue.
	688000 states explored in 17.23s, with 2658088 rules fired and 16375 states in the queue.
	689000 states explored in 17.26s, with 2662251 rules fired and 16131 states in the queue.
	690000 states explored in 17.29s, with 2666066 rules fired and 16012 states in the queue.
	691000 states explored in 17.32s, with 2670229 rules fired and 15868 states in the queue.
	692000 states explored in 17.35s, with 2674352 rules fired and 15738 states in the queue.
	693000 states explored in 17.38s, with 2678318 rules fired and 15631 states in the queue.
	694000 states explored in 17.41s, with 2682827 rules fired and 15291 states in the queue.
	695000 states explored in 17.44s, with 2686951 rules fired and 15065 states in the queue.
	696000 states explored in 17.47s, with 2690976 rules fired and 14960 states in the queue.
	697000 states explored in 17.50s, with 2694833 rules fired and 14871 states in the queue.
	698000 states explored in 17.52s, with 2698917 rules fired and 14681 states in the queue.
	699000 states explored in 17.55s, with 2702951 rules fired and 14688 states in the queue.
	700000 states explored in 17.58s, with 2707058 rules fired and 14572 states in the queue.
	701000 states explored in 17.61s, with 2711144 rules fired and 14405 states in the queue.
	702000 states explored in 17.64s, with 2715289 rules fired and 14316 states in the queue.
	703000 states explored in 17.67s, with 2719215 rules fired and 14258 states in the queue.
	704000 states explored in 17.70s, with 2722609 rules fired and 14347 states in the queue.
	705000 states explored in 17.73s, with 2726593 rules fired and 14211 states in the queue.
	706000 states explored in 17.76s, with 2730392 rules fired and 14114 states in the queue.
	707000 states explored in 17.79s, with 2734449 rules fired and 13967 states in the queue.
	708000 states explored in 17.82s, with 2738477 rules fired and 13771 states in the queue.
	709000 states explored in 17.84s, with 2742253 rules fired and 13635 states in the queue.
	710000 states explored in 17.87s, with 2745834 rules fired and 13625 states in the queue.
	711000 states explored in 17.90s, with 2749535 rules fired and 13487 states in the queue.
	712000 states explored in 17.93s, with 2753147 rules fired and 13522 states in the queue.
	713000 states explored in 17.96s, with 2757860 rules fired and 13236 states in the queue.
	714000 states explored in 17.99s, with 2761324 rules fired and 13185 states in the queue.
	715000 states explored in 18.01s, with 2765081 rules fired and 13174 states in the queue.
	716000 states explored in 18.04s, with 2768818 rules fired and 13070 states in the queue.
	717000 states explored in 18.07s, with 2772659 rules fired and 12856 states in the queue.
	718000 states explored in 18.10s, with 2776881 rules fired and 12719 states in the queue.
	719000 states explored in 18.14s, with 2781243 rules fired and 12478 states in the queue.
	720000 states explored in 18.16s, with 2785064 rules fired and 12423 states in the queue.
	721000 states explored in 18.20s, with 2789271 rules fired and 12063 states in the queue.
	722000 states explored in 18.23s, with 2793526 rules fired and 11713 states in the queue.
	723000 states explored in 18.26s, with 2797827 rules fired and 11324 states in the queue.
	724000 states explored in 18.29s, with 2802705 rules fired and 11030 states in the queue.
	725000 states explored in 18.33s, with 2807135 rules fired and 10668 states in the queue.
	726000 states explored in 18.36s, with 2811566 rules fired and 10279 states in the queue.
	727000 states explored in 18.40s, with 2816523 rules fired and 9810 states in the queue.
	728000 states explored in 18.43s, with 2820681 rules fired and 9612 states in the queue.
	729000 states explored in 18.46s, with 2824741 rules fired and 9438 states in the queue.
	730000 states explored in 18.49s, with 2828748 rules fired and 9300 states in the queue.
	731000 states explored in 18.52s, with 2832690 rules fired and 9171 states in the queue.
	732000 states explored in 18.55s, with 2837198 rules fired and 8881 states in the queue.
	733000 states explored in 18.59s, with 2841470 rules fired and 8781 states in the queue.
	734000 states explored in 18.61s, with 2845317 rules fired and 8727 states in the queue.
	735000 states explored in 18.65s, with 2849310 rules fired and 8579 states in the queue.
	736000 states explored in 18.68s, with 2853998 rules fired and 8160 states in the queue.
	737000 states explored in 18.72s, with 2858393 rules fired and 7844 states in the queue.
	738000 states explored in 18.74s, with 2861974 rules fired and 7784 states in the queue.
	739000 states explored in 18.78s, with 2865857 rules fired and 7617 states in the queue.
	740000 states explored in 18.81s, with 2869968 rules fired and 7451 states in the queue.
	741000 states explored in 18.84s, with 2873742 rules fired and 7326 states in the queue.
	742000 states explored in 18.87s, with 2877770 rules fired and 7105 states in the queue.
	743000 states explored in 18.90s, with 2881864 rules fired and 6905 states in the queue.
	744000 states explored in 18.94s, with 2886387 rules fired and 6594 states in the queue.
	745000 states explored in 18.97s, with 2890501 rules fired and 6345 states in the queue.
	746000 states explored in 19.01s, with 2895281 rules fired and 5839 states in the queue.
	747000 states explored in 19.04s, with 2899972 rules fired and 5381 states in the queue.
	748000 states explored in 19.08s, with 2904005 rules fired and 5194 states in the queue.
	749000 states explored in 19.11s, with 2908206 rules fired and 4961 states in the queue.
	750000 states explored in 19.14s, with 2911846 rules fired and 4910 states in the queue.
	751000 states explored in 19.17s, with 2915813 rules fired and 4736 states in the queue.
	752000 states explored in 19.20s, with 2919423 rules fired and 4693 states in the queue.
	753000 states explored in 19.23s, with 2923554 rules fired and 4418 states in the queue.
	754000 states explored in 19.27s, with 2927942 rules fired and 4028 states in the queue.
	755000 states explored in 19.30s, with 2931817 rules fired and 3779 states in the queue.
	756000 states explored in 19.34s, with 2936345 rules fired and 3395 states in the queue.
	757000 states explored in 19.38s, with 2941644 rules fired and 2723 states in the queue.
	758000 states explored in 19.41s, with 2946105 rules fired and 2440 states in the queue.
	759000 states explored in 19.45s, with 2950345 rules fired and 2175 states in the queue.
	760000 states explored in 19.48s, with 2953601 rules fired and 2258 states in the queue.
	761000 states explored in 19.51s, with 2957549 rules fired and 2054 states in the queue.
	762000 states explored in 19.55s, with 2962106 rules fired and 1608 states in the queue.
	763000 states explored in 19.59s, with 2967358 rules fired and 923 states in the queue.
	764000 states explored in 19.63s, with 2972615 rules fired and 240 states in the queue.

==========================================================================

Status:

	No error found.

State Space Explored:

	764359 states, 2974440 rules fired in 19.65s.

Analysis of State Space:

	There are rules that are never fired.
	If you are running with symmetry, this may be why.  Otherwise,
	please run this program with "-pr" for the rules information.
	The maximum size for the multiset "HomeNode.sharers" is: 3.
	The maximum size for the multiset "Net[HomeType]" is: 4.
	The maximum size for the multiset "Net[Proc_1]" is: 4.
	The maximum size for the multiset "Net[Proc_2]" is: 2.
	The maximum size for the multiset "Net[Proc_3]" is: 2.
